<?xml version="1.0" encoding="UTF-8"?>
<!-- Generated by org.testng.reporters.JUnitReportReporter -->
<testsuite hostname="PF13GS4P" failures="0" tests="4" name="automation.TestBaseProject.TestLogin" time="67.840" errors="0" timestamp="2019-12-03T14:03:32 CST" skipped="0">
  <testcase classname="automation.TestBaseProject.TestLogin" name="testTitle" time="12.419"/>
  <testcase classname="automation.TestBaseProject.TestLogin" name="testLogOnFields" time="15.859"/>
  <testcase classname="automation.TestBaseProject.TestLogin" name="testLogOff" time="13.174"/>
  <testcase classname="automation.TestBaseProject.TestLogin" name="testLogOn" time="26.388"/>
</testsuite> <!-- automation.TestBaseProject.TestLogin -->
