<?xml version="1.0" encoding="UTF-8"?>
<!-- Generated by org.testng.reporters.JUnitReportReporter -->
<testsuite hostname="PF13GS4P" failures="0" tests="1" name="automation.TestBaseProject.TestLogin" time="17.933" errors="0" timestamp="2019-11-29T14:39:08 CST" skipped="0">
  <testcase classname="automation.TestBaseProject.TestLogin" name="testLogOn" time="17.933"/>
</testsuite> <!-- automation.TestBaseProject.TestLogin -->
