<?xml version="1.0" encoding="UTF-8"?>
<!-- Generated by org.testng.reporters.JUnitReportReporter -->
<testsuite hostname="PF13GS4P" failures="0" tests="2" name="automation.TestBaseProject.TestLogin" time="122.255" errors="0" timestamp="2019-11-28T15:41:38 CST" skipped="0">
  <testcase classname="automation.TestBaseProject.TestLogin" name="testLogOn" time="99.181"/>
  <testcase classname="automation.TestBaseProject.TestLogin" name="testLogOff" time="23.074"/>
</testsuite> <!-- automation.TestBaseProject.TestLogin -->
