<?xml version="1.0" encoding="UTF-8"?>
<!-- Generated by org.testng.reporters.JUnitReportReporter -->
<testsuite hostname="PF13GS4P" failures="0" tests="1" name="automation.TestBaseProject.TestReservation" time="16.315" errors="0" timestamp="2019-11-28T17:17:35 CST" skipped="0">
  <testcase classname="automation.TestBaseProject.TestReservation" name="makeReservation" time="16.315"/>
</testsuite> <!-- automation.TestBaseProject.TestReservation -->
