<?xml version="1.0" encoding="UTF-8"?>
<!-- Generated by org.testng.reporters.JUnitReportReporter -->
<testsuite hostname="PF13GS4P" failures="0" tests="1" name="automation.TestBaseProject.TestLogin" time="23.752" errors="0" timestamp="2019-11-28T13:47:06 CST" skipped="0">
  <testcase classname="automation.TestBaseProject.TestLogin" name="test" time="23.752"/>
</testsuite> <!-- automation.TestBaseProject.TestLogin -->
