<?xml version="1.0" encoding="UTF-8"?>
<!-- Generated by org.testng.reporters.JUnitReportReporter -->
<testsuite hostname="PF13GS4P" failures="0" tests="3" name="automation.TestBaseProject.TestLogin" time="45.361" errors="0" timestamp="2019-11-29T16:22:35 CST" skipped="0">
  <testcase classname="automation.TestBaseProject.TestLogin" name="testLogOnFields" time="15.906"/>
  <testcase classname="automation.TestBaseProject.TestLogin" name="testLogOff" time="12.721"/>
  <testcase classname="automation.TestBaseProject.TestLogin" name="testLogOn" time="16.734"/>
</testsuite> <!-- automation.TestBaseProject.TestLogin -->
