<?xml version="1.0" encoding="UTF-8"?>
<!-- Generated by org.testng.reporters.JUnitReportReporter -->
<testsuite hostname="PF13GS4P" failures="0" tests="4" name="automation.TestBaseProject.AssertTest" time="0.013" errors="0" timestamp="2019-11-29T09:10:39 CST" skipped="0">
  <testcase classname="automation.TestBaseProject.AssertTest" name="numberTrueTest" time="0.002"/>
  <testcase classname="automation.TestBaseProject.AssertTest" name="equalNumbersTest" time="0.011"/>
  <testcase classname="automation.TestBaseProject.AssertTest" name="numberFalseTest" time="0.000"/>
  <testcase classname="automation.TestBaseProject.AssertTest" name="notEqualNumbersTest" time="0.000"/>
</testsuite> <!-- automation.TestBaseProject.AssertTest -->
