<?xml version="1.0" encoding="UTF-8"?>
<!-- Generated by org.testng.reporters.JUnitReportReporter -->
<testsuite hostname="PF13GS4P" failures="0" tests="8" name="automation.AssertsTest.AssertTest" time="0.016" errors="0" timestamp="2019-11-29T10:22:01 CST" skipped="0">
  <testcase classname="automation.AssertsTest.AssertTest" name="notNullObjectTest" time="0.001"/>
  <testcase classname="automation.AssertsTest.AssertTest" name="equalNumbersTest" time="0.009"/>
  <testcase classname="automation.AssertsTest.AssertTest" name="notSameObjectTest" time="0.001"/>
  <testcase classname="automation.AssertsTest.AssertTest" name="numberFalseTest" time="0.001"/>
  <testcase classname="automation.AssertsTest.AssertTest" name="numberTrueTest" time="0.001"/>
  <testcase classname="automation.AssertsTest.AssertTest" name="notEqualNumbersTest" time="0.001"/>
  <testcase classname="automation.AssertsTest.AssertTest" name="sameObjectTest" time="0.001"/>
  <testcase classname="automation.AssertsTest.AssertTest" name="nullObjectTest" time="0.001"/>
</testsuite> <!-- automation.AssertsTest.AssertTest -->
