<?xml version="1.0" encoding="UTF-8"?>
<!-- Generated by org.testng.reporters.JUnitReportReporter -->
<testsuite hostname="PF13GS4P" failures="0" tests="4" name="automation.TestBaseProject.TestLogin" time="79.256" errors="0" timestamp="2019-12-02T17:11:57 CST" skipped="0">
  <testcase classname="automation.TestBaseProject.TestLogin" name="testLogOff" time="11.758"/>
  <testcase classname="automation.TestBaseProject.TestLogin" name="testTitle" time="11.737"/>
  <testcase classname="automation.TestBaseProject.TestLogin" name="testLogOn" time="30.486"/>
  <testcase classname="automation.TestBaseProject.TestLogin" name="testLogOnFields" time="25.275"/>
</testsuite> <!-- automation.TestBaseProject.TestLogin -->
